<?xml version="1.0" encoding="UTF-8"?>
<!-- Generated by org.testng.reporters.JUnitReportReporter -->
<testsuite hostname="BDC7-D-2DHV6BS" name="Utility.FirstMaven.ReverseName" tests="1" failures="0" timestamp="18 Nov 2015 07:41:07 GMT" time="5.404" errors="0">
  <testcase name="rev" time="5.404" classname="Utility.FirstMaven.ReverseName"/>
</testsuite> <!-- Utility.FirstMaven.ReverseName -->
